{"contracts/BazaarERC1155Collection.sol":{"l":{"11":0,"12":0,"21":3,"25":0,"26":0,"27":0,"40":3,"41":3,"42":3,"43":3,"47":11,"52":11,"53":11,"57":0,"58":0,"66":0,"67":0,"75":0,"76":0,"80":0},"path":"/Users/vitorpedroviana/project/wallid/dev/web3/web3bazaar/mainnet-contracts/contracts/BazaarERC1155Collection.sol","s":{"1":0,"2":3,"3":0,"4":0,"5":0,"6":3,"7":3,"8":3,"9":3,"10":11,"11":11,"12":11,"13":0,"14":0,"15":0,"16":0,"17":0,"18":0,"19":0},"b":{"1":[0,0],"2":[0,0],"3":[0,0],"4":[11,0]},"f":{"1":0,"2":3,"3":0,"4":3,"5":11,"6":0,"7":0,"8":0,"9":0},"fnMap":{"1":{"name":"isOwner","line":10,"loc":{"start":{"line":10,"column":4},"end":{"line":13,"column":4}}},"2":{"name":"constructor","line":20,"loc":{"start":{"line":20,"column":4},"end":{"line":22,"column":4}}},"3":{"name":"transferOwnership","line":24,"loc":{"start":{"line":24,"column":4},"end":{"line":28,"column":4}}},"4":{"name":"constructor","line":38,"loc":{"start":{"line":36,"column":4},"end":{"line":44,"column":4}}},"5":{"name":"mint","line":46,"loc":{"start":{"line":46,"column":4},"end":{"line":54,"column":4}}},"6":{"name":"setURI","line":56,"loc":{"start":{"line":56,"column":4},"end":{"line":59,"column":4}}},"7":{"name":"setContractURI","line":63,"loc":{"start":{"line":61,"column":4},"end":{"line":68,"column":4}}},"8":{"name":"setCollectionName","line":72,"loc":{"start":{"line":70,"column":4},"end":{"line":77,"column":4}}},"9":{"name":"contractURI","line":79,"loc":{"start":{"line":79,"column":4},"end":{"line":81,"column":4}}}},"statementMap":{"1":{"start":{"line":11,"column":8},"end":{"line":11,"column":53}},"2":{"start":{"line":21,"column":8},"end":{"line":21,"column":26}},"3":{"start":{"line":25,"column":8},"end":{"line":25,"column":55}},"4":{"start":{"line":26,"column":8},"end":{"line":26,"column":50}},"5":{"start":{"line":27,"column":8},"end":{"line":27,"column":24}},"6":{"start":{"line":40,"column":8},"end":{"line":40,"column":76}},"7":{"start":{"line":41,"column":8},"end":{"line":41,"column":33}},"8":{"start":{"line":42,"column":8},"end":{"line":42,"column":14}},"9":{"start":{"line":43,"column":8},"end":{"line":43,"column":15}},"10":{"start":{"line":47,"column":8},"end":{"line":47,"column":1181}},"11":{"start":{"line":52,"column":8},"end":{"line":52,"column":44}},"12":{"start":{"line":53,"column":8},"end":{"line":53,"column":19}},"13":{"start":{"line":57,"column":8},"end":{"line":57,"column":22}},"14":{"start":{"line":58,"column":8},"end":{"line":58,"column":19}},"15":{"start":{"line":66,"column":8},"end":{"line":66,"column":28}},"16":{"start":{"line":67,"column":8},"end":{"line":67,"column":19}},"17":{"start":{"line":75,"column":8},"end":{"line":75,"column":19}},"18":{"start":{"line":76,"column":8},"end":{"line":76,"column":19}},"19":{"start":{"line":80,"column":8},"end":{"line":80,"column":27}}},"branchMap":{"1":{"line":11,"type":"if","locations":[{"start":{"line":11,"column":8},"end":{"line":11,"column":8}},{"start":{"line":11,"column":8},"end":{"line":11,"column":8}}]},"2":{"line":25,"type":"if","locations":[{"start":{"line":25,"column":8},"end":{"line":25,"column":8}},{"start":{"line":25,"column":8},"end":{"line":25,"column":8}}]},"3":{"line":26,"type":"if","locations":[{"start":{"line":26,"column":8},"end":{"line":26,"column":8}},{"start":{"line":26,"column":8},"end":{"line":26,"column":8}}]},"4":{"line":47,"type":"if","locations":[{"start":{"line":47,"column":8},"end":{"line":47,"column":8}},{"start":{"line":47,"column":8},"end":{"line":47,"column":8}}]}}},"contracts/Bazcoin.sol":{"l":{"21":5,"22":5,"33":3,"38":2,"39":2},"path":"/Users/vitorpedroviana/project/wallid/dev/web3/web3bazaar/mainnet-contracts/contracts/Bazcoin.sol","s":{"1":5,"2":5,"3":3,"4":2,"5":2},"b":{"1":[5,0]},"f":{"1":3,"2":5,"3":3,"4":2},"fnMap":{"1":{"name":"constructor","line":16,"loc":{"start":{"line":15,"column":4},"end":{"line":17,"column":5}}},"2":{"name":"_mintCapped","line":20,"loc":{"start":{"line":20,"column":4},"end":{"line":23,"column":4}}},"3":{"name":"constructor","line":31,"loc":{"start":{"line":30,"column":4},"end":{"line":34,"column":4}}},"4":{"name":"mint","line":36,"loc":{"start":{"line":36,"column":4},"end":{"line":40,"column":4}}}},"statementMap":{"1":{"start":{"line":21,"column":8},"end":{"line":21,"column":78}},"2":{"start":{"line":22,"column":8},"end":{"line":22,"column":30}},"3":{"start":{"line":33,"column":8},"end":{"line":33,"column":56}},"4":{"start":{"line":38,"column":8},"end":{"line":38,"column":44}},"5":{"start":{"line":39,"column":8},"end":{"line":39,"column":26}}},"branchMap":{"1":{"line":21,"type":"if","locations":[{"start":{"line":21,"column":8},"end":{"line":21,"column":8}},{"start":{"line":21,"column":8},"end":{"line":21,"column":8}}]}}},"contracts/TestCollection.sol":{"l":{"11":0,"12":0,"20":3,"24":0,"25":0,"26":0,"40":3,"43":3,"44":3,"52":10,"53":10,"58":0,"63":0,"68":0,"69":0,"73":0},"path":"/Users/vitorpedroviana/project/wallid/dev/web3/web3bazaar/mainnet-contracts/contracts/TestCollection.sol","s":{"1":0,"2":3,"3":0,"4":0,"5":0,"6":3,"7":3,"8":3,"9":10,"10":10,"11":0,"12":0,"13":0,"14":0,"15":0},"b":{"1":[0,0],"2":[0,0],"3":[0,0]},"f":{"1":0,"2":3,"3":0,"4":3,"5":10,"6":0,"7":0,"8":0,"9":0},"fnMap":{"1":{"name":"isOwner","line":10,"loc":{"start":{"line":10,"column":4},"end":{"line":13,"column":4}}},"2":{"name":"constructor","line":19,"loc":{"start":{"line":19,"column":4},"end":{"line":21,"column":4}}},"3":{"name":"transferOwnership","line":23,"loc":{"start":{"line":23,"column":4},"end":{"line":27,"column":4}}},"4":{"name":"constructor","line":38,"loc":{"start":{"line":38,"column":4},"end":{"line":48,"column":4}}},"5":{"name":"mint","line":50,"loc":{"start":{"line":50,"column":4},"end":{"line":54,"column":4}}},"6":{"name":"setBaseURI","line":57,"loc":{"start":{"line":57,"column":4},"end":{"line":59,"column":4}}},"7":{"name":"_baseURI","line":62,"loc":{"start":{"line":62,"column":4},"end":{"line":64,"column":4}}},"8":{"name":"setContractURI","line":66,"loc":{"start":{"line":66,"column":4},"end":{"line":70,"column":4}}},"9":{"name":"contractURI","line":72,"loc":{"start":{"line":72,"column":4},"end":{"line":74,"column":4}}}},"statementMap":{"1":{"start":{"line":11,"column":8},"end":{"line":11,"column":53}},"2":{"start":{"line":20,"column":8},"end":{"line":20,"column":26}},"3":{"start":{"line":24,"column":8},"end":{"line":24,"column":55}},"4":{"start":{"line":25,"column":8},"end":{"line":25,"column":50}},"5":{"start":{"line":26,"column":8},"end":{"line":26,"column":26}},"6":{"start":{"line":40,"column":8},"end":{"line":40,"column":14}},"7":{"start":{"line":43,"column":8},"end":{"line":43,"column":115}},"8":{"start":{"line":44,"column":8},"end":{"line":44,"column":116}},"9":{"start":{"line":52,"column":8},"end":{"line":52,"column":31}},"10":{"start":{"line":53,"column":8},"end":{"line":53,"column":19}},"11":{"start":{"line":58,"column":8},"end":{"line":58,"column":34}},"12":{"start":{"line":63,"column":8},"end":{"line":63,"column":31}},"13":{"start":{"line":68,"column":8},"end":{"line":68,"column":28}},"14":{"start":{"line":69,"column":8},"end":{"line":69,"column":19}},"15":{"start":{"line":73,"column":8},"end":{"line":73,"column":27}}},"branchMap":{"1":{"line":11,"type":"if","locations":[{"start":{"line":11,"column":8},"end":{"line":11,"column":8}},{"start":{"line":11,"column":8},"end":{"line":11,"column":8}}]},"2":{"line":24,"type":"if","locations":[{"start":{"line":24,"column":8},"end":{"line":24,"column":8}},{"start":{"line":24,"column":8},"end":{"line":24,"column":8}}]},"3":{"line":25,"type":"if","locations":[{"start":{"line":25,"column":8},"end":{"line":25,"column":8}},{"start":{"line":25,"column":8},"end":{"line":25,"column":8}}]}}},"contracts/Web3BazaarEscrow.sol":{"l":{"18":0,"19":0,"23":3,"27":0,"28":0,"32":0,"33":0,"98":3,"99":3,"109":3,"110":3,"114":3,"118":1,"119":1,"120":1,"128":9,"129":9,"134":9,"135":9,"136":9,"140":7,"141":7,"146":21,"149":21,"150":21,"151":5,"158":10,"165":6,"174":7,"179":14,"182":14,"183":14,"184":2,"191":9,"198":3,"207":1,"208":1,"209":1,"210":1,"211":1,"212":1,"213":1,"240":3,"241":3,"245":3,"249":3,"253":3,"257":3,"262":3,"268":3,"275":3,"276":3,"277":3,"278":3,"279":3,"280":10,"284":10,"290":10,"291":2,"298":5,"305":3,"313":10,"317":10,"321":10,"325":10,"329":10,"333":10,"338":3,"339":14,"343":14,"349":14,"350":1,"357":10,"364":3,"372":14,"376":14,"380":14,"384":14,"388":14,"392":14,"397":3,"398":3,"399":3,"400":3,"401":3,"402":3,"420":4,"421":4,"439":0,"440":0,"444":0,"447":0,"448":0,"451":0,"453":0,"454":0,"457":0,"458":0,"459":0,"460":0,"462":0,"475":6,"499":34,"503":34,"504":24,"509":30,"525":10,"529":10,"530":9,"535":8,"552":15,"556":15,"561":15,"562":12,"567":15,"583":19,"584":15,"585":15,"603":9,"604":9,"611":9,"627":7,"628":5,"629":5,"643":2,"645":2,"646":2,"647":2,"649":0,"650":0,"651":0,"652":0,"653":0,"656":0,"672":24,"676":24,"681":24,"682":24,"683":24},"path":"/Users/vitorpedroviana/project/wallid/dev/web3/web3bazaar/mainnet-contracts/contracts/Web3BazaarEscrow.sol","s":{"1":0,"2":3,"3":0,"4":0,"5":0,"6":0,"7":3,"8":3,"9":3,"10":3,"11":3,"12":1,"13":1,"14":1,"15":9,"16":9,"17":9,"18":9,"19":9,"20":7,"21":7,"22":21,"23":21,"24":21,"25":5,"26":16,"27":10,"28":6,"29":6,"30":7,"31":14,"32":14,"33":14,"34":2,"35":12,"36":9,"37":3,"38":3,"39":1,"40":1,"41":1,"42":1,"43":1,"44":1,"45":1,"46":3,"47":3,"48":3,"49":3,"50":3,"51":3,"52":3,"53":3,"54":3,"55":3,"56":3,"57":3,"58":10,"59":10,"60":10,"61":2,"62":8,"63":5,"64":3,"65":3,"66":10,"67":10,"68":10,"69":10,"70":10,"71":10,"72":3,"73":14,"74":14,"75":14,"76":1,"77":13,"78":10,"79":3,"80":3,"81":14,"82":14,"83":14,"84":14,"85":14,"86":14,"87":3,"88":3,"89":3,"90":3,"91":3,"92":3,"93":4,"94":4,"95":0,"96":0,"97":0,"98":0,"99":0,"100":0,"101":0,"102":0,"103":0,"104":0,"105":0,"106":0,"107":0,"108":6,"109":34,"110":34,"111":24,"112":30,"113":10,"114":10,"115":9,"116":8,"117":15,"118":15,"119":15,"120":12,"121":15,"122":19,"123":15,"124":15,"125":9,"126":9,"127":9,"128":7,"129":5,"130":5,"131":2,"132":2,"133":2,"134":2,"135":0,"136":0,"137":0,"138":0,"139":0,"140":0,"141":24,"142":24,"143":24,"144":24,"145":24},"b":{"1":[0,0],"2":[0,0],"3":[0,0],"4":[3,0],"5":[1,2],"6":[9,0],"7":[7,2],"8":[5,16],"9":[10,6],"10":[6,0],"11":[2,12],"12":[9,3],"13":[3,0],"14":[3,0],"15":[3,0],"16":[3,0],"17":[3,0],"18":[3,0],"19":[3,0],"20":[3,0],"21":[10,0],"22":[2,8],"23":[5,3],"24":[3,0],"25":[14,0],"26":[1,13],"27":[10,3],"28":[3,0],"29":[34,0],"30":[24,10],"31":[20,4],"32":[10,0],"33":[9,1],"34":[7,2],"35":[15,0],"36":[15,0],"37":[12,3],"38":[12,0],"39":[2,0],"40":[0,0],"41":[24,0],"42":[24,0],"43":[24,0],"44":[24,0]},"f":{"1":0,"2":3,"3":0,"4":0,"5":3,"6":3,"7":9,"8":3,"9":4,"10":0,"11":6,"12":34,"13":10,"14":15,"15":19,"16":9,"17":7,"18":2,"19":24},"fnMap":{"1":{"name":"isOwner","line":17,"loc":{"start":{"line":17,"column":4},"end":{"line":20,"column":4}}},"2":{"name":"constructor","line":22,"loc":{"start":{"line":22,"column":4},"end":{"line":24,"column":4}}},"3":{"name":"addOwnership","line":26,"loc":{"start":{"line":26,"column":4},"end":{"line":29,"column":4}}},"4":{"name":"removeOwnership","line":31,"loc":{"start":{"line":31,"column":4},"end":{"line":34,"column":4}}},"5":{"name":"constructor","line":97,"loc":{"start":{"line":97,"column":4},"end":{"line":100,"column":4}}},"6":{"name":"cancelTrade","line":108,"loc":{"start":{"line":108,"column":4},"end":{"line":121,"column":4}}},"7":{"name":"executeTrade","line":127,"loc":{"start":{"line":127,"column":4},"end":{"line":214,"column":4}}},"8":{"name":"startTrade","line":229,"loc":{"start":{"line":229,"column":4},"end":{"line":403,"column":4}}},"9":{"name":"getTrade","line":411,"loc":{"start":{"line":411,"column":4},"end":{"line":422,"column":4}}},"10":{"name":"getTrade","line":429,"loc":{"start":{"line":429,"column":4},"end":{"line":468,"column":4}}},"11":{"name":"tradePerUser","line":474,"loc":{"start":{"line":474,"column":4},"end":{"line":476,"column":4}}},"12":{"name":"verifyERC721","line":493,"loc":{"start":{"line":493,"column":4},"end":{"line":510,"column":4}}},"13":{"name":"verifyERC20","line":519,"loc":{"start":{"line":519,"column":4},"end":{"line":536,"column":4}}},"14":{"name":"verifyERC1155","line":545,"loc":{"start":{"line":545,"column":4},"end":{"line":568,"column":4}}},"15":{"name":"swapERC721","line":577,"loc":{"start":{"line":577,"column":4},"end":{"line":586,"column":4}}},"16":{"name":"swapERC1155","line":596,"loc":{"start":{"line":596,"column":4},"end":{"line":612,"column":4}}},"17":{"name":"swapERC20","line":621,"loc":{"start":{"line":621,"column":4},"end":{"line":630,"column":4}}},"18":{"name":"removeTradeForUser","line":639,"loc":{"start":{"line":639,"column":4},"end":{"line":657,"column":4}}},"19":{"name":"verifyTradeIntegrity","line":666,"loc":{"start":{"line":666,"column":4},"end":{"line":684,"column":4}}}},"statementMap":{"1":{"start":{"line":18,"column":8},"end":{"line":18,"column":60}},"2":{"start":{"line":23,"column":8},"end":{"line":23,"column":33}},"3":{"start":{"line":27,"column":8},"end":{"line":27,"column":55}},"4":{"start":{"line":28,"column":8},"end":{"line":28,"column":31}},"5":{"start":{"line":32,"column":8},"end":{"line":32,"column":68}},"6":{"start":{"line":33,"column":8},"end":{"line":33,"column":37}},"7":{"start":{"line":98,"column":8},"end":{"line":98,"column":25}},"8":{"start":{"line":99,"column":8},"end":{"line":99,"column":30}},"9":{"start":{"line":109,"column":8},"end":{"line":109,"column":52}},"10":{"start":{"line":110,"column":8},"end":{"line":110,"column":3028}},"11":{"start":{"line":114,"column":8},"end":{"line":114,"column":3174}},"12":{"start":{"line":118,"column":8},"end":{"line":118,"column":71}},"13":{"start":{"line":119,"column":8},"end":{"line":119,"column":42}},"14":{"start":{"line":120,"column":8},"end":{"line":120,"column":19}},"15":{"start":{"line":128,"column":8},"end":{"line":128,"column":52}},"16":{"start":{"line":129,"column":8},"end":{"line":129,"column":3883}},"17":{"start":{"line":134,"column":8},"end":{"line":134,"column":41}},"18":{"start":{"line":135,"column":8},"end":{"line":135,"column":39}},"19":{"start":{"line":136,"column":8},"end":{"line":136,"column":4114}},"20":{"start":{"line":140,"column":8},"end":{"line":140,"column":41}},"21":{"start":{"line":141,"column":8},"end":{"line":141,"column":4278}},"22":{"start":{"line":146,"column":12},"end":{"line":146,"column":4420}},"23":{"start":{"line":149,"column":12},"end":{"line":149,"column":75}},"24":{"start":{"line":150,"column":12},"end":{"line":150,"column":4609}},"25":{"start":{"line":151,"column":16},"end":{"line":151,"column":4675}},"26":{"start":{"line":157,"column":19},"end":{"line":157,"column":4858}},"27":{"start":{"line":158,"column":16},"end":{"line":158,"column":4925}},"28":{"start":{"line":164,"column":19},"end":{"line":164,"column":5110}},"29":{"start":{"line":165,"column":16},"end":{"line":165,"column":5178}},"30":{"start":{"line":174,"column":8},"end":{"line":174,"column":5410}},"31":{"start":{"line":179,"column":12},"end":{"line":179,"column":5553}},"32":{"start":{"line":182,"column":12},"end":{"line":182,"column":76}},"33":{"start":{"line":183,"column":12},"end":{"line":183,"column":5744}},"34":{"start":{"line":184,"column":16},"end":{"line":184,"column":5810}},"35":{"start":{"line":190,"column":19},"end":{"line":190,"column":5993}},"36":{"start":{"line":191,"column":16},"end":{"line":191,"column":6060}},"37":{"start":{"line":197,"column":19},"end":{"line":197,"column":6245}},"38":{"start":{"line":198,"column":16},"end":{"line":198,"column":6313}},"39":{"start":{"line":207,"column":8},"end":{"line":207,"column":72}},"40":{"start":{"line":208,"column":8},"end":{"line":208,"column":46}},"41":{"start":{"line":209,"column":8},"end":{"line":209,"column":66}},"42":{"start":{"line":210,"column":8},"end":{"line":210,"column":52}},"43":{"start":{"line":211,"column":8},"end":{"line":211,"column":42}},"44":{"start":{"line":212,"column":8},"end":{"line":212,"column":45}},"45":{"start":{"line":213,"column":8},"end":{"line":213,"column":22}},"46":{"start":{"line":240,"column":8},"end":{"line":240,"column":43}},"47":{"start":{"line":241,"column":8},"end":{"line":241,"column":8813}},"48":{"start":{"line":245,"column":8},"end":{"line":245,"column":8943}},"49":{"start":{"line":249,"column":8},"end":{"line":249,"column":9071}},"50":{"start":{"line":253,"column":8},"end":{"line":253,"column":9209}},"51":{"start":{"line":257,"column":8},"end":{"line":257,"column":9341}},"52":{"start":{"line":262,"column":8},"end":{"line":262,"column":9476}},"53":{"start":{"line":268,"column":8},"end":{"line":268,"column":9766}},"54":{"start":{"line":276,"column":8},"end":{"line":276,"column":44}},"55":{"start":{"line":277,"column":8},"end":{"line":277,"column":55}},"56":{"start":{"line":278,"column":8},"end":{"line":278,"column":57}},"57":{"start":{"line":279,"column":8},"end":{"line":279,"column":10249}},"58":{"start":{"line":280,"column":12},"end":{"line":280,"column":10324}},"59":{"start":{"line":284,"column":12},"end":{"line":284,"column":10480}},"60":{"start":{"line":290,"column":12},"end":{"line":290,"column":10674}},"61":{"start":{"line":291,"column":16},"end":{"line":291,"column":10751}},"62":{"start":{"line":297,"column":19},"end":{"line":297,"column":10941}},"63":{"start":{"line":298,"column":16},"end":{"line":298,"column":11019}},"64":{"start":{"line":304,"column":19},"end":{"line":304,"column":11211}},"65":{"start":{"line":305,"column":16},"end":{"line":305,"column":11290}},"66":{"start":{"line":313,"column":12},"end":{"line":313,"column":11543}},"67":{"start":{"line":317,"column":12},"end":{"line":317,"column":11710}},"68":{"start":{"line":321,"column":12},"end":{"line":321,"column":11871}},"69":{"start":{"line":325,"column":12},"end":{"line":325,"column":12030}},"70":{"start":{"line":329,"column":12},"end":{"line":329,"column":12207}},"71":{"start":{"line":333,"column":12},"end":{"line":333,"column":12371}},"72":{"start":{"line":338,"column":8},"end":{"line":338,"column":12503}},"73":{"start":{"line":339,"column":12},"end":{"line":339,"column":12579}},"74":{"start":{"line":343,"column":12},"end":{"line":343,"column":12737}},"75":{"start":{"line":349,"column":12},"end":{"line":349,"column":12935}},"76":{"start":{"line":350,"column":16},"end":{"line":350,"column":13013}},"77":{"start":{"line":356,"column":19},"end":{"line":356,"column":13207}},"78":{"start":{"line":357,"column":16},"end":{"line":357,"column":13286}},"79":{"start":{"line":363,"column":19},"end":{"line":363,"column":13482}},"80":{"start":{"line":364,"column":16},"end":{"line":364,"column":13562}},"81":{"start":{"line":372,"column":12},"end":{"line":372,"column":13820}},"82":{"start":{"line":376,"column":12},"end":{"line":376,"column":13989}},"83":{"start":{"line":380,"column":12},"end":{"line":380,"column":14152}},"84":{"start":{"line":384,"column":12},"end":{"line":384,"column":14313}},"85":{"start":{"line":388,"column":12},"end":{"line":388,"column":14492}},"86":{"start":{"line":392,"column":12},"end":{"line":392,"column":14657}},"87":{"start":{"line":397,"column":8},"end":{"line":397,"column":70}},"88":{"start":{"line":398,"column":8},"end":{"line":398,"column":49}},"89":{"start":{"line":399,"column":8},"end":{"line":399,"column":50}},"90":{"start":{"line":400,"column":8},"end":{"line":400,"column":64}},"91":{"start":{"line":401,"column":8},"end":{"line":401,"column":42}},"92":{"start":{"line":402,"column":8},"end":{"line":402,"column":23}},"93":{"start":{"line":420,"column":8},"end":{"line":420,"column":52}},"94":{"start":{"line":421,"column":8},"end":{"line":421,"column":72}},"95":{"start":{"line":439,"column":8},"end":{"line":439,"column":52}},"96":{"start":{"line":440,"column":8},"end":{"line":440,"column":16378}},"97":{"start":{"line":444,"column":8},"end":{"line":444,"column":16473}},"98":{"start":{"line":447,"column":8},"end":{"line":447,"column":79}},"99":{"start":{"line":448,"column":8},"end":{"line":448,"column":16661}},"100":{"start":{"line":451,"column":8},"end":{"line":451,"column":71}},"101":{"start":{"line":453,"column":8},"end":{"line":453,"column":16840}},"102":{"start":{"line":454,"column":12},"end":{"line":454,"column":16948}},"103":{"start":{"line":457,"column":12},"end":{"line":457,"column":53}},"104":{"start":{"line":458,"column":12},"end":{"line":458,"column":44}},"105":{"start":{"line":459,"column":12},"end":{"line":459,"column":46}},"106":{"start":{"line":460,"column":12},"end":{"line":460,"column":50}},"107":{"start":{"line":462,"column":8},"end":{"line":462,"column":17258}},"108":{"start":{"line":475,"column":8},"end":{"line":475,"column":31}},"109":{"start":{"line":499,"column":8},"end":{"line":499,"column":18556}},"110":{"start":{"line":503,"column":8},"end":{"line":503,"column":18697}},"111":{"start":{"line":504,"column":12},"end":{"line":504,"column":18734}},"112":{"start":{"line":509,"column":8},"end":{"line":509,"column":19}},"113":{"start":{"line":525,"column":8},"end":{"line":525,"column":19672}},"114":{"start":{"line":529,"column":8},"end":{"line":529,"column":19819}},"115":{"start":{"line":530,"column":12},"end":{"line":530,"column":19856}},"116":{"start":{"line":535,"column":8},"end":{"line":535,"column":19}},"117":{"start":{"line":552,"column":8},"end":{"line":552,"column":20770}},"118":{"start":{"line":556,"column":8},"end":{"line":556,"column":20894}},"119":{"start":{"line":561,"column":8},"end":{"line":561,"column":21083}},"120":{"start":{"line":562,"column":12},"end":{"line":562,"column":21120}},"121":{"start":{"line":567,"column":8},"end":{"line":567,"column":19}},"122":{"start":{"line":583,"column":8},"end":{"line":583,"column":54}},"123":{"start":{"line":584,"column":8},"end":{"line":584,"column":67}},"124":{"start":{"line":585,"column":8},"end":{"line":585,"column":19}},"125":{"start":{"line":603,"column":8},"end":{"line":603,"column":63}},"126":{"start":{"line":604,"column":8},"end":{"line":604,"column":22844}},"127":{"start":{"line":611,"column":8},"end":{"line":611,"column":19}},"128":{"start":{"line":627,"column":8},"end":{"line":627,"column":52}},"129":{"start":{"line":628,"column":8},"end":{"line":628,"column":73}},"130":{"start":{"line":629,"column":8},"end":{"line":629,"column":19}},"131":{"start":{"line":643,"column":8},"end":{"line":643,"column":52}},"132":{"start":{"line":645,"column":8},"end":{"line":645,"column":24292}},"133":{"start":{"line":646,"column":12},"end":{"line":646,"column":32}},"134":{"start":{"line":647,"column":12},"end":{"line":647,"column":23}},"135":{"start":{"line":649,"column":8},"end":{"line":649,"column":24404}},"136":{"start":{"line":650,"column":12},"end":{"line":650,"column":24474}},"137":{"start":{"line":651,"column":16},"end":{"line":651,"column":72}},"138":{"start":{"line":652,"column":16},"end":{"line":652,"column":35}},"139":{"start":{"line":653,"column":16},"end":{"line":653,"column":27}},"140":{"start":{"line":656,"column":8},"end":{"line":656,"column":20}},"141":{"start":{"line":672,"column":8},"end":{"line":672,"column":25328}},"142":{"start":{"line":676,"column":8},"end":{"line":676,"column":25455}},"143":{"start":{"line":681,"column":8},"end":{"line":681,"column":69}},"144":{"start":{"line":682,"column":8},"end":{"line":682,"column":67}},"145":{"start":{"line":683,"column":8},"end":{"line":683,"column":19}}},"branchMap":{"1":{"line":18,"type":"if","locations":[{"start":{"line":18,"column":8},"end":{"line":18,"column":8}},{"start":{"line":18,"column":8},"end":{"line":18,"column":8}}]},"2":{"line":27,"type":"if","locations":[{"start":{"line":27,"column":8},"end":{"line":27,"column":8}},{"start":{"line":27,"column":8},"end":{"line":27,"column":8}}]},"3":{"line":32,"type":"if","locations":[{"start":{"line":32,"column":8},"end":{"line":32,"column":8}},{"start":{"line":32,"column":8},"end":{"line":32,"column":8}}]},"4":{"line":110,"type":"if","locations":[{"start":{"line":110,"column":8},"end":{"line":110,"column":8}},{"start":{"line":110,"column":8},"end":{"line":110,"column":8}}]},"5":{"line":114,"type":"if","locations":[{"start":{"line":114,"column":8},"end":{"line":114,"column":8}},{"start":{"line":114,"column":8},"end":{"line":114,"column":8}}]},"6":{"line":129,"type":"if","locations":[{"start":{"line":129,"column":8},"end":{"line":129,"column":8}},{"start":{"line":129,"column":8},"end":{"line":129,"column":8}}]},"7":{"line":136,"type":"if","locations":[{"start":{"line":136,"column":8},"end":{"line":136,"column":8}},{"start":{"line":136,"column":8},"end":{"line":136,"column":8}}]},"8":{"line":150,"type":"if","locations":[{"start":{"line":150,"column":12},"end":{"line":150,"column":12}},{"start":{"line":150,"column":12},"end":{"line":150,"column":12}}]},"9":{"line":157,"type":"if","locations":[{"start":{"line":157,"column":19},"end":{"line":157,"column":19}},{"start":{"line":157,"column":19},"end":{"line":157,"column":19}}]},"10":{"line":164,"type":"if","locations":[{"start":{"line":164,"column":19},"end":{"line":164,"column":19}},{"start":{"line":164,"column":19},"end":{"line":164,"column":19}}]},"11":{"line":183,"type":"if","locations":[{"start":{"line":183,"column":12},"end":{"line":183,"column":12}},{"start":{"line":183,"column":12},"end":{"line":183,"column":12}}]},"12":{"line":190,"type":"if","locations":[{"start":{"line":190,"column":19},"end":{"line":190,"column":19}},{"start":{"line":190,"column":19},"end":{"line":190,"column":19}}]},"13":{"line":197,"type":"if","locations":[{"start":{"line":197,"column":19},"end":{"line":197,"column":19}},{"start":{"line":197,"column":19},"end":{"line":197,"column":19}}]},"14":{"line":241,"type":"if","locations":[{"start":{"line":241,"column":8},"end":{"line":241,"column":8}},{"start":{"line":241,"column":8},"end":{"line":241,"column":8}}]},"15":{"line":245,"type":"if","locations":[{"start":{"line":245,"column":8},"end":{"line":245,"column":8}},{"start":{"line":245,"column":8},"end":{"line":245,"column":8}}]},"16":{"line":249,"type":"if","locations":[{"start":{"line":249,"column":8},"end":{"line":249,"column":8}},{"start":{"line":249,"column":8},"end":{"line":249,"column":8}}]},"17":{"line":253,"type":"if","locations":[{"start":{"line":253,"column":8},"end":{"line":253,"column":8}},{"start":{"line":253,"column":8},"end":{"line":253,"column":8}}]},"18":{"line":257,"type":"if","locations":[{"start":{"line":257,"column":8},"end":{"line":257,"column":8}},{"start":{"line":257,"column":8},"end":{"line":257,"column":8}}]},"19":{"line":262,"type":"if","locations":[{"start":{"line":262,"column":8},"end":{"line":262,"column":8}},{"start":{"line":262,"column":8},"end":{"line":262,"column":8}}]},"20":{"line":268,"type":"if","locations":[{"start":{"line":268,"column":8},"end":{"line":268,"column":8}},{"start":{"line":268,"column":8},"end":{"line":268,"column":8}}]},"21":{"line":280,"type":"if","locations":[{"start":{"line":280,"column":12},"end":{"line":280,"column":12}},{"start":{"line":280,"column":12},"end":{"line":280,"column":12}}]},"22":{"line":290,"type":"if","locations":[{"start":{"line":290,"column":12},"end":{"line":290,"column":12}},{"start":{"line":290,"column":12},"end":{"line":290,"column":12}}]},"23":{"line":297,"type":"if","locations":[{"start":{"line":297,"column":19},"end":{"line":297,"column":19}},{"start":{"line":297,"column":19},"end":{"line":297,"column":19}}]},"24":{"line":304,"type":"if","locations":[{"start":{"line":304,"column":19},"end":{"line":304,"column":19}},{"start":{"line":304,"column":19},"end":{"line":304,"column":19}}]},"25":{"line":339,"type":"if","locations":[{"start":{"line":339,"column":12},"end":{"line":339,"column":12}},{"start":{"line":339,"column":12},"end":{"line":339,"column":12}}]},"26":{"line":349,"type":"if","locations":[{"start":{"line":349,"column":12},"end":{"line":349,"column":12}},{"start":{"line":349,"column":12},"end":{"line":349,"column":12}}]},"27":{"line":356,"type":"if","locations":[{"start":{"line":356,"column":19},"end":{"line":356,"column":19}},{"start":{"line":356,"column":19},"end":{"line":356,"column":19}}]},"28":{"line":363,"type":"if","locations":[{"start":{"line":363,"column":19},"end":{"line":363,"column":19}},{"start":{"line":363,"column":19},"end":{"line":363,"column":19}}]},"29":{"line":499,"type":"if","locations":[{"start":{"line":499,"column":8},"end":{"line":499,"column":8}},{"start":{"line":499,"column":8},"end":{"line":499,"column":8}}]},"30":{"line":503,"type":"if","locations":[{"start":{"line":503,"column":8},"end":{"line":503,"column":8}},{"start":{"line":503,"column":8},"end":{"line":503,"column":8}}]},"31":{"line":504,"type":"if","locations":[{"start":{"line":504,"column":12},"end":{"line":504,"column":12}},{"start":{"line":504,"column":12},"end":{"line":504,"column":12}}]},"32":{"line":525,"type":"if","locations":[{"start":{"line":525,"column":8},"end":{"line":525,"column":8}},{"start":{"line":525,"column":8},"end":{"line":525,"column":8}}]},"33":{"line":529,"type":"if","locations":[{"start":{"line":529,"column":8},"end":{"line":529,"column":8}},{"start":{"line":529,"column":8},"end":{"line":529,"column":8}}]},"34":{"line":530,"type":"if","locations":[{"start":{"line":530,"column":12},"end":{"line":530,"column":12}},{"start":{"line":530,"column":12},"end":{"line":530,"column":12}}]},"35":{"line":552,"type":"if","locations":[{"start":{"line":552,"column":8},"end":{"line":552,"column":8}},{"start":{"line":552,"column":8},"end":{"line":552,"column":8}}]},"36":{"line":556,"type":"if","locations":[{"start":{"line":556,"column":8},"end":{"line":556,"column":8}},{"start":{"line":556,"column":8},"end":{"line":556,"column":8}}]},"37":{"line":561,"type":"if","locations":[{"start":{"line":561,"column":8},"end":{"line":561,"column":8}},{"start":{"line":561,"column":8},"end":{"line":561,"column":8}}]},"38":{"line":562,"type":"if","locations":[{"start":{"line":562,"column":12},"end":{"line":562,"column":12}},{"start":{"line":562,"column":12},"end":{"line":562,"column":12}}]},"39":{"line":645,"type":"if","locations":[{"start":{"line":645,"column":8},"end":{"line":645,"column":8}},{"start":{"line":645,"column":8},"end":{"line":645,"column":8}}]},"40":{"line":650,"type":"if","locations":[{"start":{"line":650,"column":12},"end":{"line":650,"column":12}},{"start":{"line":650,"column":12},"end":{"line":650,"column":12}}]},"41":{"line":672,"type":"if","locations":[{"start":{"line":672,"column":8},"end":{"line":672,"column":8}},{"start":{"line":672,"column":8},"end":{"line":672,"column":8}}]},"42":{"line":676,"type":"if","locations":[{"start":{"line":676,"column":8},"end":{"line":676,"column":8}},{"start":{"line":676,"column":8},"end":{"line":676,"column":8}}]},"43":{"line":681,"type":"if","locations":[{"start":{"line":681,"column":8},"end":{"line":681,"column":8}},{"start":{"line":681,"column":8},"end":{"line":681,"column":8}}]},"44":{"line":682,"type":"if","locations":[{"start":{"line":682,"column":8},"end":{"line":682,"column":8}},{"start":{"line":682,"column":8},"end":{"line":682,"column":8}}]}}}}