{"contracts/BazaarERC1155Collection.sol":{"l":{"16":3,"17":3,"18":3,"19":3,"23":11,"28":11,"29":11},"path":"/Users/vitorpedroviana/project/wallid/dev/web3/web3bazaar/mainnet-contracts/contracts/BazaarERC1155Collection.sol","s":{"1":3,"2":3,"3":3,"4":3,"5":11,"6":11,"7":11},"b":{"1":[11,0]},"f":{"1":3,"2":11},"fnMap":{"1":{"name":"constructor","line":14,"loc":{"start":{"line":12,"column":4},"end":{"line":20,"column":4}}},"2":{"name":"mint","line":22,"loc":{"start":{"line":22,"column":4},"end":{"line":30,"column":4}}}},"statementMap":{"1":{"start":{"line":16,"column":8},"end":{"line":16,"column":76}},"2":{"start":{"line":17,"column":8},"end":{"line":17,"column":33}},"3":{"start":{"line":18,"column":8},"end":{"line":18,"column":14}},"4":{"start":{"line":19,"column":8},"end":{"line":19,"column":15}},"5":{"start":{"line":23,"column":8},"end":{"line":23,"column":625}},"6":{"start":{"line":28,"column":8},"end":{"line":28,"column":44}},"7":{"start":{"line":29,"column":8},"end":{"line":29,"column":19}}},"branchMap":{"1":{"line":23,"type":"if","locations":[{"start":{"line":23,"column":8},"end":{"line":23,"column":8}},{"start":{"line":23,"column":8},"end":{"line":23,"column":8}}]}}},"contracts/BazaarRaffleTicket.sol":{"l":{"38":3,"39":3,"40":3,"41":3,"42":3,"43":3,"52":0,"56":0,"61":0,"62":0,"64":0,"65":0,"67":0,"69":0,"71":0,"76":0,"78":0,"79":0,"80":0,"81":0,"85":0,"91":0,"92":0,"93":0,"95":0,"96":0,"97":0,"98":0,"102":0,"103":0,"105":0,"106":0,"108":0,"109":0,"111":0,"112":0,"114":0,"126":0,"131":0,"140":0,"150":0,"159":0,"167":0,"176":0,"185":0,"186":0,"188":0,"190":0,"192":0,"197":0,"202":0,"207":0,"212":0,"220":0,"221":0,"225":0,"229":0},"path":"/Users/vitorpedroviana/project/wallid/dev/web3/web3bazaar/mainnet-contracts/contracts/BazaarRaffleTicket.sol","s":{"1":3,"2":3,"3":3,"4":3,"5":3,"6":3,"7":0,"8":0,"9":0,"10":0,"11":0,"12":0,"13":0,"14":0,"15":0,"16":0,"17":0,"18":0,"19":0,"20":0,"21":0,"22":0,"23":0,"24":0,"25":0,"26":0,"27":0,"28":0,"29":0,"30":0,"31":0,"32":0,"33":0,"34":0,"35":0,"36":0,"37":0,"38":0,"39":0,"40":0,"41":0,"42":0,"43":0,"44":0,"45":0,"46":0,"47":0,"48":0,"49":0,"50":0,"51":0,"52":0,"53":0,"54":0,"55":0,"56":0,"57":0,"58":0,"59":0,"60":0},"b":{"1":[0,0],"2":[0,0],"3":[0,0],"4":[0,0],"5":[0,0],"6":[0,0],"7":[0,0],"8":[0,0],"9":[0,0],"10":[0,0]},"f":{"1":3,"2":0,"3":0,"4":0,"5":0,"6":0,"7":0,"8":0,"9":0,"10":0,"11":0,"12":0,"13":0,"14":0,"15":0,"16":0},"fnMap":{"1":{"name":"constructor","line":36,"loc":{"start":{"line":35,"column":4},"end":{"line":44,"column":4}}},"2":{"name":"mint","line":51,"loc":{"start":{"line":51,"column":4},"end":{"line":127,"column":4}}},"3":{"name":"burnOwn","line":130,"loc":{"start":{"line":130,"column":4},"end":{"line":132,"column":4}}},"4":{"name":"approveERC721","line":139,"loc":{"start":{"line":135,"column":4},"end":{"line":141,"column":4}}},"5":{"name":"transferERC721","line":149,"loc":{"start":{"line":144,"column":4},"end":{"line":151,"column":4}}},"6":{"name":"approveERC20","line":158,"loc":{"start":{"line":154,"column":4},"end":{"line":160,"column":4}}},"7":{"name":"transferERC20","line":165,"loc":{"start":{"line":163,"column":4},"end":{"line":173,"column":4}}},"8":{"name":"getId","line":175,"loc":{"start":{"line":175,"column":4},"end":{"line":177,"column":4}}},"9":{"name":"setPriceByType","line":182,"loc":{"start":{"line":180,"column":4},"end":{"line":193,"column":4}}},"10":{"name":"setTokenAddress","line":196,"loc":{"start":{"line":196,"column":4},"end":{"line":198,"column":4}}},"11":{"name":"setWeb3BazaarContract","line":201,"loc":{"start":{"line":201,"column":4},"end":{"line":203,"column":4}}},"12":{"name":"setBaseURI","line":206,"loc":{"start":{"line":206,"column":4},"end":{"line":208,"column":4}}},"13":{"name":"_baseURI","line":211,"loc":{"start":{"line":211,"column":4},"end":{"line":213,"column":4}}},"14":{"name":"setContractURI","line":217,"loc":{"start":{"line":215,"column":4},"end":{"line":222,"column":4}}},"15":{"name":"baseURI","line":224,"loc":{"start":{"line":224,"column":4},"end":{"line":226,"column":4}}},"16":{"name":"contractURI","line":228,"loc":{"start":{"line":228,"column":4},"end":{"line":230,"column":4}}}},"statementMap":{"1":{"start":{"line":38,"column":8},"end":{"line":38,"column":13}},"2":{"start":{"line":39,"column":8},"end":{"line":39,"column":111}},"3":{"start":{"line":40,"column":8},"end":{"line":40,"column":112}},"4":{"start":{"line":41,"column":8},"end":{"line":41,"column":26}},"5":{"start":{"line":42,"column":8},"end":{"line":42,"column":72}},"6":{"start":{"line":43,"column":8},"end":{"line":43,"column":67}},"7":{"start":{"line":52,"column":8},"end":{"line":52,"column":1935}},"8":{"start":{"line":56,"column":8},"end":{"line":56,"column":2103}},"9":{"start":{"line":61,"column":8},"end":{"line":61,"column":30}},"10":{"start":{"line":62,"column":8},"end":{"line":62,"column":52}},"11":{"start":{"line":64,"column":8},"end":{"line":64,"column":2326}},"12":{"start":{"line":65,"column":12},"end":{"line":65,"column":36}},"13":{"start":{"line":66,"column":15},"end":{"line":66,"column":2408}},"14":{"start":{"line":67,"column":12},"end":{"line":67,"column":36}},"15":{"start":{"line":68,"column":15},"end":{"line":68,"column":2490}},"16":{"start":{"line":69,"column":12},"end":{"line":69,"column":34}},"17":{"start":{"line":71,"column":8},"end":{"line":71,"column":2571}},"18":{"start":{"line":76,"column":8},"end":{"line":76,"column":51}},"19":{"start":{"line":78,"column":8},"end":{"line":78,"column":74}},"20":{"start":{"line":79,"column":8},"end":{"line":79,"column":69}},"21":{"start":{"line":80,"column":8},"end":{"line":80,"column":73}},"22":{"start":{"line":81,"column":8},"end":{"line":81,"column":67}},"23":{"start":{"line":85,"column":8},"end":{"line":85,"column":3246}},"24":{"start":{"line":91,"column":8},"end":{"line":91,"column":3478}},"25":{"start":{"line":93,"column":12},"end":{"line":93,"column":35}},"26":{"start":{"line":95,"column":12},"end":{"line":95,"column":49}},"27":{"start":{"line":96,"column":12},"end":{"line":96,"column":33}},"28":{"start":{"line":97,"column":12},"end":{"line":97,"column":36}},"29":{"start":{"line":98,"column":12},"end":{"line":98,"column":34}},"30":{"start":{"line":102,"column":8},"end":{"line":102,"column":64}},"31":{"start":{"line":103,"column":8},"end":{"line":103,"column":53}},"32":{"start":{"line":105,"column":8},"end":{"line":105,"column":59}},"33":{"start":{"line":106,"column":8},"end":{"line":106,"column":29}},"34":{"start":{"line":108,"column":8},"end":{"line":108,"column":63}},"35":{"start":{"line":109,"column":8},"end":{"line":109,"column":43}},"36":{"start":{"line":111,"column":8},"end":{"line":111,"column":57}},"37":{"start":{"line":112,"column":8},"end":{"line":112,"column":31}},"38":{"start":{"line":114,"column":8},"end":{"line":114,"column":4332}},"39":{"start":{"line":126,"column":8},"end":{"line":126,"column":22}},"40":{"start":{"line":131,"column":8},"end":{"line":131,"column":21}},"41":{"start":{"line":140,"column":8},"end":{"line":140,"column":60}},"42":{"start":{"line":150,"column":8},"end":{"line":150,"column":68}},"43":{"start":{"line":159,"column":8},"end":{"line":159,"column":52}},"44":{"start":{"line":167,"column":8},"end":{"line":167,"column":5676}},"45":{"start":{"line":176,"column":8},"end":{"line":176,"column":17}},"46":{"start":{"line":185,"column":8},"end":{"line":185,"column":6057}},"47":{"start":{"line":186,"column":12},"end":{"line":186,"column":34}},"48":{"start":{"line":187,"column":15},"end":{"line":187,"column":6137}},"49":{"start":{"line":188,"column":12},"end":{"line":188,"column":34}},"50":{"start":{"line":189,"column":15},"end":{"line":189,"column":6217}},"51":{"start":{"line":190,"column":12},"end":{"line":190,"column":32}},"52":{"start":{"line":192,"column":8},"end":{"line":192,"column":19}},"53":{"start":{"line":197,"column":8},"end":{"line":197,"column":42}},"54":{"start":{"line":202,"column":8},"end":{"line":202,"column":35}},"55":{"start":{"line":207,"column":8},"end":{"line":207,"column":34}},"56":{"start":{"line":212,"column":8},"end":{"line":212,"column":31}},"57":{"start":{"line":220,"column":8},"end":{"line":220,"column":28}},"58":{"start":{"line":221,"column":8},"end":{"line":221,"column":19}},"59":{"start":{"line":225,"column":8},"end":{"line":225,"column":31}},"60":{"start":{"line":229,"column":8},"end":{"line":229,"column":27}}},"branchMap":{"1":{"line":52,"type":"if","locations":[{"start":{"line":52,"column":8},"end":{"line":52,"column":8}},{"start":{"line":52,"column":8},"end":{"line":52,"column":8}}]},"2":{"line":56,"type":"if","locations":[{"start":{"line":56,"column":8},"end":{"line":56,"column":8}},{"start":{"line":56,"column":8},"end":{"line":56,"column":8}}]},"3":{"line":64,"type":"if","locations":[{"start":{"line":64,"column":8},"end":{"line":64,"column":8}},{"start":{"line":64,"column":8},"end":{"line":64,"column":8}}]},"4":{"line":66,"type":"if","locations":[{"start":{"line":66,"column":15},"end":{"line":66,"column":15}},{"start":{"line":66,"column":15},"end":{"line":66,"column":15}}]},"5":{"line":68,"type":"if","locations":[{"start":{"line":68,"column":15},"end":{"line":68,"column":15}},{"start":{"line":68,"column":15},"end":{"line":68,"column":15}}]},"6":{"line":71,"type":"if","locations":[{"start":{"line":71,"column":8},"end":{"line":71,"column":8}},{"start":{"line":71,"column":8},"end":{"line":71,"column":8}}]},"7":{"line":85,"type":"if","locations":[{"start":{"line":85,"column":8},"end":{"line":85,"column":8}},{"start":{"line":85,"column":8},"end":{"line":85,"column":8}}]},"8":{"line":185,"type":"if","locations":[{"start":{"line":185,"column":8},"end":{"line":185,"column":8}},{"start":{"line":185,"column":8},"end":{"line":185,"column":8}}]},"9":{"line":187,"type":"if","locations":[{"start":{"line":187,"column":15},"end":{"line":187,"column":15}},{"start":{"line":187,"column":15},"end":{"line":187,"column":15}}]},"10":{"line":189,"type":"if","locations":[{"start":{"line":189,"column":15},"end":{"line":189,"column":15}},{"start":{"line":189,"column":15},"end":{"line":189,"column":15}}]}}},"contracts/Bazcoin.sol":{"l":{"21":5,"22":5,"33":3,"38":2,"39":2},"path":"/Users/vitorpedroviana/project/wallid/dev/web3/web3bazaar/mainnet-contracts/contracts/Bazcoin.sol","s":{"1":5,"2":5,"3":3,"4":2,"5":2},"b":{"1":[5,0]},"f":{"1":3,"2":5,"3":3,"4":2},"fnMap":{"1":{"name":"constructor","line":16,"loc":{"start":{"line":15,"column":4},"end":{"line":17,"column":5}}},"2":{"name":"_mintCapped","line":20,"loc":{"start":{"line":20,"column":4},"end":{"line":23,"column":4}}},"3":{"name":"constructor","line":31,"loc":{"start":{"line":30,"column":4},"end":{"line":34,"column":4}}},"4":{"name":"mint","line":36,"loc":{"start":{"line":36,"column":4},"end":{"line":40,"column":4}}}},"statementMap":{"1":{"start":{"line":21,"column":8},"end":{"line":21,"column":78}},"2":{"start":{"line":22,"column":8},"end":{"line":22,"column":30}},"3":{"start":{"line":33,"column":8},"end":{"line":33,"column":56}},"4":{"start":{"line":38,"column":8},"end":{"line":38,"column":44}},"5":{"start":{"line":39,"column":8},"end":{"line":39,"column":26}}},"branchMap":{"1":{"line":21,"type":"if","locations":[{"start":{"line":21,"column":8},"end":{"line":21,"column":8}},{"start":{"line":21,"column":8},"end":{"line":21,"column":8}}]}}},"contracts/TestCollection.sol":{"l":{"13":3,"16":3,"17":3,"24":12,"25":12},"path":"/Users/vitorpedroviana/project/wallid/dev/web3/web3bazaar/mainnet-contracts/contracts/TestCollection.sol","s":{"1":3,"2":3,"3":3,"4":12,"5":12},"b":{},"f":{"1":3,"2":12},"fnMap":{"1":{"name":"constructor","line":12,"loc":{"start":{"line":12,"column":4},"end":{"line":21,"column":4}}},"2":{"name":"mint","line":23,"loc":{"start":{"line":23,"column":4},"end":{"line":26,"column":4}}}},"statementMap":{"1":{"start":{"line":13,"column":8},"end":{"line":13,"column":14}},"2":{"start":{"line":16,"column":8},"end":{"line":16,"column":115}},"3":{"start":{"line":17,"column":8},"end":{"line":17,"column":116}},"4":{"start":{"line":24,"column":8},"end":{"line":24,"column":31}},"5":{"start":{"line":25,"column":8},"end":{"line":25,"column":19}}},"branchMap":{}},"contracts/Web3BazaarEscrow.sol":{"l":{"18":9,"19":7,"23":6,"27":1,"28":1,"32":3,"33":1,"100":3,"101":3,"102":3,"111":3,"116":1,"124":3,"125":3,"129":3,"134":1,"135":1,"137":1,"138":1,"140":1,"148":10,"149":10,"154":10,"155":10,"156":10,"160":8,"161":8,"166":36,"169":36,"170":36,"171":4,"178":20,"185":12,"194":8,"199":15,"202":15,"203":15,"204":4,"211":8,"218":3,"227":2,"228":2,"229":2,"230":2,"231":2,"232":2,"233":2,"260":27,"261":27,"265":25,"269":23,"273":21,"277":19,"283":17,"289":15,"293":15,"298":13,"299":13,"300":13,"301":13,"302":13,"303":32,"309":24,"310":4,"317":17,"324":3,"332":24,"336":24,"340":24,"344":24,"348":24,"352":24,"357":5,"358":16,"364":16,"365":1,"372":12,"379":3,"387":16,"391":16,"395":16,"399":16,"403":16,"407":16,"412":5,"413":5,"414":5,"415":5,"416":5,"417":5,"435":5,"436":5,"454":4,"455":4,"459":4,"462":4,"463":4,"466":4,"468":4,"469":15,"472":15,"473":15,"474":15,"475":15,"477":4,"490":9,"514":57,"518":57,"519":45,"524":55,"540":13,"544":11,"545":10,"550":9,"567":21,"571":21,"576":21,"577":18,"582":21,"598":28,"599":26,"600":26,"618":15,"619":15,"626":15,"642":8,"643":4,"644":4,"654":6,"656":6,"657":2,"659":4,"660":6,"661":4,"662":4,"681":48,"685":46,"690":44,"691":42,"692":40},"path":"/Users/vitorpedroviana/project/wallid/dev/web3/web3bazaar/mainnet-contracts/contracts/Web3BazaarEscrow.sol","s":{"1":9,"2":6,"3":1,"4":1,"5":3,"6":1,"7":3,"8":3,"9":3,"10":3,"11":1,"12":3,"13":3,"14":3,"15":1,"16":1,"17":1,"18":1,"19":1,"20":10,"21":10,"22":10,"23":10,"24":10,"25":8,"26":8,"27":36,"28":36,"29":36,"30":4,"31":32,"32":20,"33":12,"34":12,"35":8,"36":15,"37":15,"38":15,"39":4,"40":11,"41":8,"42":3,"43":3,"44":2,"45":2,"46":2,"47":2,"48":2,"49":2,"50":2,"51":27,"52":27,"53":25,"54":23,"55":21,"56":19,"57":17,"58":15,"59":15,"60":13,"61":13,"62":13,"63":13,"64":32,"65":24,"66":4,"67":20,"68":17,"69":3,"70":3,"71":24,"72":24,"73":24,"74":24,"75":24,"76":24,"77":5,"78":16,"79":16,"80":1,"81":15,"82":12,"83":3,"84":3,"85":16,"86":16,"87":16,"88":16,"89":16,"90":16,"91":5,"92":5,"93":5,"94":5,"95":5,"96":5,"97":5,"98":5,"99":4,"100":4,"101":4,"102":4,"103":4,"104":4,"105":4,"106":15,"107":15,"108":15,"109":15,"110":15,"111":4,"112":9,"113":57,"114":57,"115":45,"116":55,"117":13,"118":11,"119":10,"120":9,"121":21,"122":21,"123":21,"124":18,"125":21,"126":28,"127":26,"128":26,"129":15,"130":15,"131":15,"132":8,"133":4,"134":4,"135":6,"136":6,"137":2,"138":4,"139":6,"140":4,"141":4,"142":48,"143":46,"144":44,"145":42,"146":40},"b":{"1":[7,2],"2":[1,0],"3":[1,2],"4":[1,2],"5":[3,0],"6":[1,2],"7":[10,0],"8":[8,2],"9":[4,32],"10":[20,12],"11":[12,0],"12":[4,11],"13":[8,3],"14":[3,0],"15":[25,2],"16":[23,2],"17":[21,2],"18":[19,2],"19":[17,2],"20":[15,2],"21":[15,0],"22":[13,2],"23":[4,20],"24":[17,3],"25":[3,0],"26":[1,15],"27":[12,3],"28":[3,0],"29":[57,0],"30":[45,12],"31":[43,2],"32":[11,2],"33":[10,1],"34":[8,2],"35":[21,0],"36":[21,0],"37":[18,3],"38":[18,0],"39":[2,4],"40":[4,2],"41":[46,2],"42":[44,2],"43":[42,2],"44":[40,2]},"f":{"1":9,"2":6,"3":1,"4":3,"5":3,"6":3,"7":3,"8":10,"9":27,"10":5,"11":4,"12":9,"13":57,"14":13,"15":21,"16":28,"17":15,"18":8,"19":6,"20":48},"fnMap":{"1":{"name":"isOwner","line":17,"loc":{"start":{"line":17,"column":4},"end":{"line":20,"column":4}}},"2":{"name":"constructor","line":22,"loc":{"start":{"line":22,"column":4},"end":{"line":24,"column":4}}},"3":{"name":"addOwnership","line":26,"loc":{"start":{"line":26,"column":4},"end":{"line":29,"column":4}}},"4":{"name":"removeOwnership","line":31,"loc":{"start":{"line":31,"column":4},"end":{"line":34,"column":4}}},"5":{"name":"constructor","line":99,"loc":{"start":{"line":99,"column":4},"end":{"line":103,"column":4}}},"6":{"name":"setAssetPerTrade","line":110,"loc":{"start":{"line":110,"column":4},"end":{"line":117,"column":4}}},"7":{"name":"cancelTrade","line":123,"loc":{"start":{"line":123,"column":4},"end":{"line":141,"column":4}}},"8":{"name":"executeTrade","line":147,"loc":{"start":{"line":147,"column":4},"end":{"line":234,"column":4}}},"9":{"name":"startTrade","line":249,"loc":{"start":{"line":249,"column":4},"end":{"line":418,"column":4}}},"10":{"name":"getTrade","line":426,"loc":{"start":{"line":426,"column":4},"end":{"line":437,"column":4}}},"11":{"name":"getTradeWithAddress","line":444,"loc":{"start":{"line":444,"column":4},"end":{"line":483,"column":4}}},"12":{"name":"tradePerUser","line":489,"loc":{"start":{"line":489,"column":4},"end":{"line":491,"column":4}}},"13":{"name":"verifyERC721","line":508,"loc":{"start":{"line":508,"column":4},"end":{"line":525,"column":4}}},"14":{"name":"verifyERC20","line":534,"loc":{"start":{"line":534,"column":4},"end":{"line":551,"column":4}}},"15":{"name":"verifyERC1155","line":560,"loc":{"start":{"line":560,"column":4},"end":{"line":583,"column":4}}},"16":{"name":"swapERC721","line":592,"loc":{"start":{"line":592,"column":4},"end":{"line":601,"column":4}}},"17":{"name":"swapERC1155","line":611,"loc":{"start":{"line":611,"column":4},"end":{"line":627,"column":4}}},"18":{"name":"swapERC20","line":636,"loc":{"start":{"line":636,"column":4},"end":{"line":645,"column":4}}},"19":{"name":"removeTradeForUser","line":653,"loc":{"start":{"line":653,"column":4},"end":{"line":666,"column":4}}},"20":{"name":"verifyTradeIntegrity","line":675,"loc":{"start":{"line":675,"column":4},"end":{"line":693,"column":4}}}},"statementMap":{"1":{"start":{"line":18,"column":8},"end":{"line":18,"column":60}},"2":{"start":{"line":23,"column":8},"end":{"line":23,"column":33}},"3":{"start":{"line":27,"column":8},"end":{"line":27,"column":55}},"4":{"start":{"line":28,"column":8},"end":{"line":28,"column":31}},"5":{"start":{"line":32,"column":8},"end":{"line":32,"column":68}},"6":{"start":{"line":33,"column":8},"end":{"line":33,"column":37}},"7":{"start":{"line":100,"column":8},"end":{"line":100,"column":25}},"8":{"start":{"line":101,"column":8},"end":{"line":101,"column":30}},"9":{"start":{"line":102,"column":8},"end":{"line":102,"column":30}},"10":{"start":{"line":111,"column":8},"end":{"line":111,"column":3066}},"11":{"start":{"line":116,"column":8},"end":{"line":116,"column":46}},"12":{"start":{"line":124,"column":8},"end":{"line":124,"column":52}},"13":{"start":{"line":125,"column":8},"end":{"line":125,"column":3715}},"14":{"start":{"line":129,"column":8},"end":{"line":129,"column":3861}},"15":{"start":{"line":134,"column":8},"end":{"line":134,"column":67}},"16":{"start":{"line":135,"column":8},"end":{"line":135,"column":66}},"17":{"start":{"line":137,"column":8},"end":{"line":137,"column":71}},"18":{"start":{"line":138,"column":8},"end":{"line":138,"column":42}},"19":{"start":{"line":140,"column":8},"end":{"line":140,"column":19}},"20":{"start":{"line":148,"column":8},"end":{"line":148,"column":52}},"21":{"start":{"line":149,"column":8},"end":{"line":149,"column":4712}},"22":{"start":{"line":154,"column":8},"end":{"line":154,"column":41}},"23":{"start":{"line":155,"column":8},"end":{"line":155,"column":39}},"24":{"start":{"line":156,"column":8},"end":{"line":156,"column":4943}},"25":{"start":{"line":160,"column":8},"end":{"line":160,"column":41}},"26":{"start":{"line":161,"column":8},"end":{"line":161,"column":5107}},"27":{"start":{"line":166,"column":12},"end":{"line":166,"column":5249}},"28":{"start":{"line":169,"column":12},"end":{"line":169,"column":75}},"29":{"start":{"line":170,"column":12},"end":{"line":170,"column":5438}},"30":{"start":{"line":171,"column":16},"end":{"line":171,"column":5504}},"31":{"start":{"line":177,"column":19},"end":{"line":177,"column":5687}},"32":{"start":{"line":178,"column":16},"end":{"line":178,"column":5754}},"33":{"start":{"line":184,"column":19},"end":{"line":184,"column":5939}},"34":{"start":{"line":185,"column":16},"end":{"line":185,"column":6007}},"35":{"start":{"line":194,"column":8},"end":{"line":194,"column":6239}},"36":{"start":{"line":199,"column":12},"end":{"line":199,"column":6382}},"37":{"start":{"line":202,"column":12},"end":{"line":202,"column":76}},"38":{"start":{"line":203,"column":12},"end":{"line":203,"column":6573}},"39":{"start":{"line":204,"column":16},"end":{"line":204,"column":6639}},"40":{"start":{"line":210,"column":19},"end":{"line":210,"column":6822}},"41":{"start":{"line":211,"column":16},"end":{"line":211,"column":6889}},"42":{"start":{"line":217,"column":19},"end":{"line":217,"column":7074}},"43":{"start":{"line":218,"column":16},"end":{"line":218,"column":7142}},"44":{"start":{"line":227,"column":8},"end":{"line":227,"column":72}},"45":{"start":{"line":228,"column":8},"end":{"line":228,"column":46}},"46":{"start":{"line":229,"column":8},"end":{"line":229,"column":66}},"47":{"start":{"line":230,"column":8},"end":{"line":230,"column":52}},"48":{"start":{"line":231,"column":8},"end":{"line":231,"column":42}},"49":{"start":{"line":232,"column":8},"end":{"line":232,"column":45}},"50":{"start":{"line":233,"column":8},"end":{"line":233,"column":22}},"51":{"start":{"line":260,"column":8},"end":{"line":260,"column":43}},"52":{"start":{"line":261,"column":8},"end":{"line":261,"column":9642}},"53":{"start":{"line":265,"column":8},"end":{"line":265,"column":9772}},"54":{"start":{"line":269,"column":8},"end":{"line":269,"column":9910}},"55":{"start":{"line":273,"column":8},"end":{"line":273,"column":10042}},"56":{"start":{"line":277,"column":8},"end":{"line":277,"column":10176}},"57":{"start":{"line":283,"column":8},"end":{"line":283,"column":10466}},"58":{"start":{"line":289,"column":8},"end":{"line":289,"column":10763}},"59":{"start":{"line":293,"column":8},"end":{"line":293,"column":10926}},"60":{"start":{"line":299,"column":8},"end":{"line":299,"column":44}},"61":{"start":{"line":300,"column":8},"end":{"line":300,"column":55}},"62":{"start":{"line":301,"column":8},"end":{"line":301,"column":57}},"63":{"start":{"line":302,"column":8},"end":{"line":302,"column":11277}},"64":{"start":{"line":303,"column":12},"end":{"line":303,"column":11352}},"65":{"start":{"line":309,"column":12},"end":{"line":309,"column":11546}},"66":{"start":{"line":310,"column":16},"end":{"line":310,"column":11623}},"67":{"start":{"line":316,"column":19},"end":{"line":316,"column":11813}},"68":{"start":{"line":317,"column":16},"end":{"line":317,"column":11891}},"69":{"start":{"line":323,"column":19},"end":{"line":323,"column":12083}},"70":{"start":{"line":324,"column":16},"end":{"line":324,"column":12162}},"71":{"start":{"line":332,"column":12},"end":{"line":332,"column":12415}},"72":{"start":{"line":336,"column":12},"end":{"line":336,"column":12582}},"73":{"start":{"line":340,"column":12},"end":{"line":340,"column":12743}},"74":{"start":{"line":344,"column":12},"end":{"line":344,"column":12902}},"75":{"start":{"line":348,"column":12},"end":{"line":348,"column":13079}},"76":{"start":{"line":352,"column":12},"end":{"line":352,"column":13243}},"77":{"start":{"line":357,"column":8},"end":{"line":357,"column":13375}},"78":{"start":{"line":358,"column":12},"end":{"line":358,"column":13451}},"79":{"start":{"line":364,"column":12},"end":{"line":364,"column":13649}},"80":{"start":{"line":365,"column":16},"end":{"line":365,"column":13727}},"81":{"start":{"line":371,"column":19},"end":{"line":371,"column":13921}},"82":{"start":{"line":372,"column":16},"end":{"line":372,"column":14000}},"83":{"start":{"line":378,"column":19},"end":{"line":378,"column":14196}},"84":{"start":{"line":379,"column":16},"end":{"line":379,"column":14276}},"85":{"start":{"line":387,"column":12},"end":{"line":387,"column":14534}},"86":{"start":{"line":391,"column":12},"end":{"line":391,"column":14703}},"87":{"start":{"line":395,"column":12},"end":{"line":395,"column":14866}},"88":{"start":{"line":399,"column":12},"end":{"line":399,"column":15027}},"89":{"start":{"line":403,"column":12},"end":{"line":403,"column":15206}},"90":{"start":{"line":407,"column":12},"end":{"line":407,"column":15371}},"91":{"start":{"line":412,"column":8},"end":{"line":412,"column":70}},"92":{"start":{"line":413,"column":8},"end":{"line":413,"column":49}},"93":{"start":{"line":414,"column":8},"end":{"line":414,"column":50}},"94":{"start":{"line":415,"column":8},"end":{"line":415,"column":64}},"95":{"start":{"line":416,"column":8},"end":{"line":416,"column":42}},"96":{"start":{"line":417,"column":8},"end":{"line":417,"column":23}},"97":{"start":{"line":435,"column":8},"end":{"line":435,"column":52}},"98":{"start":{"line":436,"column":8},"end":{"line":436,"column":72}},"99":{"start":{"line":454,"column":8},"end":{"line":454,"column":52}},"100":{"start":{"line":455,"column":8},"end":{"line":455,"column":17103}},"101":{"start":{"line":459,"column":8},"end":{"line":459,"column":17198}},"102":{"start":{"line":462,"column":8},"end":{"line":462,"column":79}},"103":{"start":{"line":463,"column":8},"end":{"line":463,"column":17386}},"104":{"start":{"line":466,"column":8},"end":{"line":466,"column":71}},"105":{"start":{"line":468,"column":8},"end":{"line":468,"column":17565}},"106":{"start":{"line":469,"column":12},"end":{"line":469,"column":17673}},"107":{"start":{"line":472,"column":12},"end":{"line":472,"column":53}},"108":{"start":{"line":473,"column":12},"end":{"line":473,"column":44}},"109":{"start":{"line":474,"column":12},"end":{"line":474,"column":46}},"110":{"start":{"line":475,"column":12},"end":{"line":475,"column":50}},"111":{"start":{"line":477,"column":8},"end":{"line":477,"column":17983}},"112":{"start":{"line":490,"column":8},"end":{"line":490,"column":31}},"113":{"start":{"line":514,"column":8},"end":{"line":514,"column":19281}},"114":{"start":{"line":518,"column":8},"end":{"line":518,"column":19422}},"115":{"start":{"line":519,"column":12},"end":{"line":519,"column":19459}},"116":{"start":{"line":524,"column":8},"end":{"line":524,"column":19}},"117":{"start":{"line":540,"column":8},"end":{"line":540,"column":20397}},"118":{"start":{"line":544,"column":8},"end":{"line":544,"column":20544}},"119":{"start":{"line":545,"column":12},"end":{"line":545,"column":20581}},"120":{"start":{"line":550,"column":8},"end":{"line":550,"column":19}},"121":{"start":{"line":567,"column":8},"end":{"line":567,"column":21495}},"122":{"start":{"line":571,"column":8},"end":{"line":571,"column":21619}},"123":{"start":{"line":576,"column":8},"end":{"line":576,"column":21808}},"124":{"start":{"line":577,"column":12},"end":{"line":577,"column":21845}},"125":{"start":{"line":582,"column":8},"end":{"line":582,"column":19}},"126":{"start":{"line":598,"column":8},"end":{"line":598,"column":54}},"127":{"start":{"line":599,"column":8},"end":{"line":599,"column":67}},"128":{"start":{"line":600,"column":8},"end":{"line":600,"column":19}},"129":{"start":{"line":618,"column":8},"end":{"line":618,"column":63}},"130":{"start":{"line":619,"column":8},"end":{"line":619,"column":23569}},"131":{"start":{"line":626,"column":8},"end":{"line":626,"column":19}},"132":{"start":{"line":642,"column":8},"end":{"line":642,"column":52}},"133":{"start":{"line":643,"column":8},"end":{"line":643,"column":73}},"134":{"start":{"line":644,"column":8},"end":{"line":644,"column":19}},"135":{"start":{"line":654,"column":8},"end":{"line":654,"column":52}},"136":{"start":{"line":656,"column":8},"end":{"line":656,"column":24939}},"137":{"start":{"line":657,"column":12},"end":{"line":657,"column":32}},"138":{"start":{"line":659,"column":12},"end":{"line":659,"column":25041}},"139":{"start":{"line":660,"column":16},"end":{"line":660,"column":25115}},"140":{"start":{"line":661,"column":20},"end":{"line":661,"column":76}},"141":{"start":{"line":662,"column":20},"end":{"line":662,"column":39}},"142":{"start":{"line":681,"column":8},"end":{"line":681,"column":25940}},"143":{"start":{"line":685,"column":8},"end":{"line":685,"column":26071}},"144":{"start":{"line":690,"column":8},"end":{"line":690,"column":69}},"145":{"start":{"line":691,"column":8},"end":{"line":691,"column":67}},"146":{"start":{"line":692,"column":8},"end":{"line":692,"column":19}}},"branchMap":{"1":{"line":18,"type":"if","locations":[{"start":{"line":18,"column":8},"end":{"line":18,"column":8}},{"start":{"line":18,"column":8},"end":{"line":18,"column":8}}]},"2":{"line":27,"type":"if","locations":[{"start":{"line":27,"column":8},"end":{"line":27,"column":8}},{"start":{"line":27,"column":8},"end":{"line":27,"column":8}}]},"3":{"line":32,"type":"if","locations":[{"start":{"line":32,"column":8},"end":{"line":32,"column":8}},{"start":{"line":32,"column":8},"end":{"line":32,"column":8}}]},"4":{"line":111,"type":"if","locations":[{"start":{"line":111,"column":8},"end":{"line":111,"column":8}},{"start":{"line":111,"column":8},"end":{"line":111,"column":8}}]},"5":{"line":125,"type":"if","locations":[{"start":{"line":125,"column":8},"end":{"line":125,"column":8}},{"start":{"line":125,"column":8},"end":{"line":125,"column":8}}]},"6":{"line":129,"type":"if","locations":[{"start":{"line":129,"column":8},"end":{"line":129,"column":8}},{"start":{"line":129,"column":8},"end":{"line":129,"column":8}}]},"7":{"line":149,"type":"if","locations":[{"start":{"line":149,"column":8},"end":{"line":149,"column":8}},{"start":{"line":149,"column":8},"end":{"line":149,"column":8}}]},"8":{"line":156,"type":"if","locations":[{"start":{"line":156,"column":8},"end":{"line":156,"column":8}},{"start":{"line":156,"column":8},"end":{"line":156,"column":8}}]},"9":{"line":170,"type":"if","locations":[{"start":{"line":170,"column":12},"end":{"line":170,"column":12}},{"start":{"line":170,"column":12},"end":{"line":170,"column":12}}]},"10":{"line":177,"type":"if","locations":[{"start":{"line":177,"column":19},"end":{"line":177,"column":19}},{"start":{"line":177,"column":19},"end":{"line":177,"column":19}}]},"11":{"line":184,"type":"if","locations":[{"start":{"line":184,"column":19},"end":{"line":184,"column":19}},{"start":{"line":184,"column":19},"end":{"line":184,"column":19}}]},"12":{"line":203,"type":"if","locations":[{"start":{"line":203,"column":12},"end":{"line":203,"column":12}},{"start":{"line":203,"column":12},"end":{"line":203,"column":12}}]},"13":{"line":210,"type":"if","locations":[{"start":{"line":210,"column":19},"end":{"line":210,"column":19}},{"start":{"line":210,"column":19},"end":{"line":210,"column":19}}]},"14":{"line":217,"type":"if","locations":[{"start":{"line":217,"column":19},"end":{"line":217,"column":19}},{"start":{"line":217,"column":19},"end":{"line":217,"column":19}}]},"15":{"line":261,"type":"if","locations":[{"start":{"line":261,"column":8},"end":{"line":261,"column":8}},{"start":{"line":261,"column":8},"end":{"line":261,"column":8}}]},"16":{"line":265,"type":"if","locations":[{"start":{"line":265,"column":8},"end":{"line":265,"column":8}},{"start":{"line":265,"column":8},"end":{"line":265,"column":8}}]},"17":{"line":269,"type":"if","locations":[{"start":{"line":269,"column":8},"end":{"line":269,"column":8}},{"start":{"line":269,"column":8},"end":{"line":269,"column":8}}]},"18":{"line":273,"type":"if","locations":[{"start":{"line":273,"column":8},"end":{"line":273,"column":8}},{"start":{"line":273,"column":8},"end":{"line":273,"column":8}}]},"19":{"line":277,"type":"if","locations":[{"start":{"line":277,"column":8},"end":{"line":277,"column":8}},{"start":{"line":277,"column":8},"end":{"line":277,"column":8}}]},"20":{"line":283,"type":"if","locations":[{"start":{"line":283,"column":8},"end":{"line":283,"column":8}},{"start":{"line":283,"column":8},"end":{"line":283,"column":8}}]},"21":{"line":289,"type":"if","locations":[{"start":{"line":289,"column":8},"end":{"line":289,"column":8}},{"start":{"line":289,"column":8},"end":{"line":289,"column":8}}]},"22":{"line":293,"type":"if","locations":[{"start":{"line":293,"column":8},"end":{"line":293,"column":8}},{"start":{"line":293,"column":8},"end":{"line":293,"column":8}}]},"23":{"line":309,"type":"if","locations":[{"start":{"line":309,"column":12},"end":{"line":309,"column":12}},{"start":{"line":309,"column":12},"end":{"line":309,"column":12}}]},"24":{"line":316,"type":"if","locations":[{"start":{"line":316,"column":19},"end":{"line":316,"column":19}},{"start":{"line":316,"column":19},"end":{"line":316,"column":19}}]},"25":{"line":323,"type":"if","locations":[{"start":{"line":323,"column":19},"end":{"line":323,"column":19}},{"start":{"line":323,"column":19},"end":{"line":323,"column":19}}]},"26":{"line":364,"type":"if","locations":[{"start":{"line":364,"column":12},"end":{"line":364,"column":12}},{"start":{"line":364,"column":12},"end":{"line":364,"column":12}}]},"27":{"line":371,"type":"if","locations":[{"start":{"line":371,"column":19},"end":{"line":371,"column":19}},{"start":{"line":371,"column":19},"end":{"line":371,"column":19}}]},"28":{"line":378,"type":"if","locations":[{"start":{"line":378,"column":19},"end":{"line":378,"column":19}},{"start":{"line":378,"column":19},"end":{"line":378,"column":19}}]},"29":{"line":514,"type":"if","locations":[{"start":{"line":514,"column":8},"end":{"line":514,"column":8}},{"start":{"line":514,"column":8},"end":{"line":514,"column":8}}]},"30":{"line":518,"type":"if","locations":[{"start":{"line":518,"column":8},"end":{"line":518,"column":8}},{"start":{"line":518,"column":8},"end":{"line":518,"column":8}}]},"31":{"line":519,"type":"if","locations":[{"start":{"line":519,"column":12},"end":{"line":519,"column":12}},{"start":{"line":519,"column":12},"end":{"line":519,"column":12}}]},"32":{"line":540,"type":"if","locations":[{"start":{"line":540,"column":8},"end":{"line":540,"column":8}},{"start":{"line":540,"column":8},"end":{"line":540,"column":8}}]},"33":{"line":544,"type":"if","locations":[{"start":{"line":544,"column":8},"end":{"line":544,"column":8}},{"start":{"line":544,"column":8},"end":{"line":544,"column":8}}]},"34":{"line":545,"type":"if","locations":[{"start":{"line":545,"column":12},"end":{"line":545,"column":12}},{"start":{"line":545,"column":12},"end":{"line":545,"column":12}}]},"35":{"line":567,"type":"if","locations":[{"start":{"line":567,"column":8},"end":{"line":567,"column":8}},{"start":{"line":567,"column":8},"end":{"line":567,"column":8}}]},"36":{"line":571,"type":"if","locations":[{"start":{"line":571,"column":8},"end":{"line":571,"column":8}},{"start":{"line":571,"column":8},"end":{"line":571,"column":8}}]},"37":{"line":576,"type":"if","locations":[{"start":{"line":576,"column":8},"end":{"line":576,"column":8}},{"start":{"line":576,"column":8},"end":{"line":576,"column":8}}]},"38":{"line":577,"type":"if","locations":[{"start":{"line":577,"column":12},"end":{"line":577,"column":12}},{"start":{"line":577,"column":12},"end":{"line":577,"column":12}}]},"39":{"line":656,"type":"if","locations":[{"start":{"line":656,"column":8},"end":{"line":656,"column":8}},{"start":{"line":656,"column":8},"end":{"line":656,"column":8}}]},"40":{"line":660,"type":"if","locations":[{"start":{"line":660,"column":16},"end":{"line":660,"column":16}},{"start":{"line":660,"column":16},"end":{"line":660,"column":16}}]},"41":{"line":681,"type":"if","locations":[{"start":{"line":681,"column":8},"end":{"line":681,"column":8}},{"start":{"line":681,"column":8},"end":{"line":681,"column":8}}]},"42":{"line":685,"type":"if","locations":[{"start":{"line":685,"column":8},"end":{"line":685,"column":8}},{"start":{"line":685,"column":8},"end":{"line":685,"column":8}}]},"43":{"line":690,"type":"if","locations":[{"start":{"line":690,"column":8},"end":{"line":690,"column":8}},{"start":{"line":690,"column":8},"end":{"line":690,"column":8}}]},"44":{"line":691,"type":"if","locations":[{"start":{"line":691,"column":8},"end":{"line":691,"column":8}},{"start":{"line":691,"column":8},"end":{"line":691,"column":8}}]}}}}